Could not read previous export (for caching), doing full export.
content: Exporting image
indicator: Exporting image
moremenu: Exporting image
bookmark: Exporting image
capture: Exporting image
urlcopy: Exporting image
safari: Exporting image
download: Exporting image
dic: Exporting image
setting: Exporting image
memo: Exporting image
txt: Exporting image
toolBar: Exporting image
moreBtn: Exporting image
toolbarBtns: Exporting image
urlBar: Exporting image
urlBtns: Exporting image
openedpage: Exporting image
refreshBtn: Exporting image
dimmed: Exporting image
24 views changed
Success: /Users/Kimac-mk2/Library/Mobile Documents/com~apple~CloudDocs/Tech@naver/example_updated/Framer/06_scroll/naverBrowser.framer/imported/example_browser@1x
