Could not read previous export (for caching), doing full export.
bg: Exporting image
timeline: Exporting image
head1: Exporting image
head2: Exporting image
head3: Exporting image
head4: Exporting image
head5: Exporting image
head6: Exporting image
head7: Exporting image
feeds: Exporting image
feed1: Exporting image
feed2: Exporting image
feed3: Exporting image
feed4: Exporting image
feed5: Exporting image
feed6: Exporting image
feed7: Exporting image
filterIcon: Exporting image
logo: Exporting image
searchIcon: Exporting image
headerBg: Exporting image
indicator: Exporting image
24 views changed
Success: /var/folders/ck/5kj5m2450gz7bd4gm6w519xh0000gn/T/1BA528EF-02AD-4F14-829D-D1D6DC12C0E5-18927-00000E8B31695971/48EACBF4-3E0A-443C-A01D-830416444DD6/Untitled.framer/imported/stickyHeader@1x
