Could not read previous export (for caching), doing full export.
bg: Exporting image
content: Exporting image
news: Exporting image
loading: Exporting image
direction: Exporting image
btnMenu: Exporting image
badge: Exporting image
btnEdit: Exporting image
searchInput: Exporting image
micNor: Exporting image
logo: Exporting image
headerBg: Exporting image
txt1: Exporting image
txt2: Exporting image
txt3: Exporting image
txt4: Exporting image
txt5: Exporting image
txt6: Exporting image
selector: Exporting image
naviBg: Exporting image
indicator: Exporting image
24 views changed
Success: /var/folders/ck/5kj5m2450gz7bd4gm6w519xh0000gn/T/59F32C06-9F5E-4A50-A512-786D22E864F0-18927-00000EA826B29901/38FF1833-4A4A-47D5-B98E-C141A7247176/Untitled 2.framer/imported/modulate@1x
