Could not read previous export (for caching), doing full export.
bg: Exporting image
content: Exporting image
news: Exporting image
badge: Exporting image
btnMenu: Exporting image
btnEdit: Exporting image
searchInput: Exporting image
micNor: Exporting image
logo: Exporting image
headerBg: Exporting image
txt1: Exporting image
txt2: Exporting image
txt3: Exporting image
txt4: Exporting image
txt5: Exporting image
txt6: Exporting image
selector: Exporting image
naviBg: Exporting image
indicator: Exporting image
coachmark: Exporting image
23 views changed
Success: /var/folders/ck/5kj5m2450gz7bd4gm6w519xh0000gn/T/A1D6BA5D-1556-43E2-BDE4-0F75B18BD936-331-0000047B7EC170F6/FE7560BA-81EA-4BB6-83BD-1DC2F1C62C1A/Untitled.framer/imported/example_navermain@1x
