Could not read previous export (for caching), doing full export.
statusBar: Exporting image
badge: Exporting image
btnMenu: Exporting image
btnEdit: Exporting image
searchInput: Exporting image
micNor: Exporting image
logo: Exporting image
headerBg: Exporting image
txt1: Exporting image
txt2: Exporting image
txt3: Exporting image
txt4: Exporting image
txt5: Exporting image
txt6: Exporting image
indicator: Exporting image
naviBg: Exporting image
content: Exporting image
shopping: Exporting image
movie: Exporting image
webtoon: Exporting image
sports: Exporting image
entertain: Exporting image
news: Exporting image
bg: Exporting image
28 views changed
Success: /Users/Kimac-mk2/Library/Mobile Documents/com~apple~CloudDocs/Tech@naver/example_updated/Framer/07_page/pageNavigation.framer/imported/naverappSample_iPhone5@1x
