Could not read previous export (for caching), doing full export.
indicator: Exporting image
infoBtn: Exporting image
closeBtn: Exporting image
resetBtn: Exporting image
txt: Exporting image
headerBg: Exporting image
list1: Exporting image
checkOn-10: Exporting image
checkOff-10: Exporting image
handle-10: Exporting image
list2: Exporting image
checkOn-9: Exporting image
checkOff-9: Exporting image
handle-9: Exporting image
list3: Exporting image
checkOn-8: Exporting image
checkOff-8: Exporting image
handle-8: Exporting image
list4: Exporting image
checkOn-7: Exporting image
checkOff-7: Exporting image
handle-7: Exporting image
list5: Exporting image
checkOn-6: Exporting image
checkOff-6: Exporting image
handle-6: Exporting image
list6: Exporting image
checkOn-5: Exporting image
checkOff-5: Exporting image
handle-5: Exporting image
list7: Exporting image
checkOn-4: Exporting image
checkOff-4: Exporting image
handle-4: Exporting image
list8: Exporting image
checkOn-3: Exporting image
checkOff-3: Exporting image
handle-3: Exporting image
lis9: Exporting image
checkOn-2: Exporting image
checkOff-2: Exporting image
handle-2: Exporting image
list10: Exporting image
checkOn: Exporting image
checkOff: Exporting image
handle: Exporting image
logo: Exporting image
bg: Exporting image
52 views changed
Success: /Users/Naver/Library/Mobile Documents/com~apple~CloudDocs/Tech@naver/example_updated/editmodeOrder2.framer/imported/editmodeOrder_iPhone5@1x
