Could not read previous export (for caching), doing full export.
pageindicator: Exporting image
phoneScreen: Exporting image
zoom: Exporting image
zoomLayer: Exporting image
zoomMask: Exporting image
dragLayer: Exporting image
screen01: Exporting image
screen02: Exporting image
screen03: Exporting image
screen04: Exporting image
phone: Exporting image
slideBg: Exporting image
checkBtn_on: Exporting image
checkBtn_nor: Exporting image
selectedCard10: Exporting image
selectedCard09: Exporting image
selectedCard08: Exporting image
selectedCard07: Exporting image
selectedCard06: Exporting image
selectedCard05: Exporting image
selectedCard04: Exporting image
selectedCard03: Exporting image
selectedCard02: Exporting image
selectedCard01: Exporting image
card10: Exporting image
card9: Exporting image
card8: Exporting image
card7: Exporting image
card6: Exporting image
card5: Exporting image
card4: Exporting image
card3: Exporting image
card2: Exporting image
card1: Exporting image
pages: Exporting image
txt01: Exporting image
txt02: Exporting image
txt03: Exporting image
txt04: Exporting image
setBtn: Exporting image
txt05: Exporting image
icons03: Exporting image
icons02: Exporting image
icons01: Exporting image
naver: Exporting image
bg: Exporting image
51 views changed
Success: /var/folders/bb/q2hmg1fs7sdbmhpgz54_kyhw0000gn/T/C5A84A69-42F3-4165-9B3E-2994CD151B99-26099-0000107C80DC7311/5CABDBE2-CEEE-428E-B00D-AE44D0274D4F/Untitled.framer/imported/example_walkthroughs@1x
