Could not read previous export (for caching), doing full export.
bg: Exporting image
content: Exporting image
shopping: Exporting image
movie: Exporting image
webtoon: Exporting image
sports: Exporting image
entertain: Exporting image
news: Exporting image
txt1: Exporting image
txt2: Exporting image
txt3: Exporting image
txt4: Exporting image
txt5: Exporting image
txt6: Exporting image
selector: Exporting image
naviBg: Exporting image
badge: Exporting image
btnMenu: Exporting image
btnEdit: Exporting image
searchInput: Exporting image
micNor: Exporting image
logo: Exporting image
headerBg: Exporting image
indicator: Exporting image
coachmark: Exporting image
28 views changed
Success: /Users/naver/Dev/Framer/workspace_framer/example_7.framer/imported/example_3_1to5
