Could not read previous export (for caching), doing full export.
bg: Exporting image
content: Exporting image
news: Exporting image
badge: Exporting image
btnMenu: Exporting image
btnEdit: Exporting image
searchInput: Exporting image
micNor: Exporting image
logo: Exporting image
headerBg: Exporting image
txt1: Exporting image
txt2: Exporting image
txt3: Exporting image
txt4: Exporting image
txt5: Exporting image
txt6: Exporting image
selector: Exporting image
naviBg: Exporting image
indicator: Exporting image
coachmark: Exporting image
23 views changed
Success: /var/folders/ck/5kj5m2450gz7bd4gm6w519xh0000gn/T/85C8B8D2-54BD-4A22-914E-DA7D61A248C3-331-000004947C149BF6/FBB0830C-FFAE-4E52-9473-7FF42FA13884/Untitled.framer/imported/example_navermain@1x
