Could not read previous export (for caching), doing full export.
bg: Exporting image
content: Exporting image
news: Exporting image
badge: Exporting image
btnMenu: Exporting image
btnEdit: Exporting image
searchInput: Exporting image
micNor: Exporting image
logo: Exporting image
headerBg: Exporting image
txt1: Exporting image
txt2: Exporting image
txt3: Exporting image
txt4: Exporting image
txt5: Exporting image
txt6: Exporting image
selector: Exporting image
naviBg: Exporting image
indicator: Exporting image
22 views changed
Success: /var/folders/ck/5kj5m2450gz7bd4gm6w519xh0000gn/T/AD5AE0F5-EB70-4A8B-8D70-ED5F34D863C6-4462-000003DBDBA567D4/5996E50C-2C30-47C8-8225-368656731819/Untitled.framer/imported/example_navermain@1x
